# JRE version: OpenJDK Runtime Environment Temurin-17.0.4.1+1 (17.0.4.1+1) (build 17.0.4.1+1)
# Java VM: OpenJDK 64-Bit Server VM Temurin-17.0.4.1+1 (17.0.4.1+1, mixed mode, tiered, compressed oops, compressed class ptrs, g1 gc, windows-amd64)
GC Precious Log:
 CPUs: 4 total, 4 available
 Memory: 8075M
 Large Page Support: Disabled
 NUMA Support: Disabled
 Compressed Oops: Enabled (32-bit)
 Heap Region Size: 1M
 Heap Min Capacity: 8M
 Heap Initial Capacity: 128M
 Heap Max Capacity: 2020M
 Pre-touch: Disabled
 Parallel Workers: 4
 Concurrent Workers: 1
 Concurrent Refinement Workers: 4
 Periodic GC: Disabled
Heap:
 garbage-first heap   total 55296K, used 42824K [0x0000000081c00000, 0x0000000100000000)
  region size 1024K, 21 young (21504K), 3 survivors (3072K)
 Metaspace       used 45648K, committed 46016K, reserved 1089536K
  class space    used 5666K, committed 5824K, reserved 1048576K
GC Heap History (20 events):
Event: 16.279 GC heap after
{Heap after GC invocations=4 (full 0):
 garbage-first heap   total 131072K, used 12911K [0x0000000081c00000, 0x0000000100000000)
  region size 1024K, 4 young (4096K), 4 survivors (4096K)
 Metaspace       used 21352K, committed 21504K, reserved 1073152K
  class space    used 2216K, committed 2304K, reserved 1048576K
}
Event: 24.274 GC heap before
{Heap before GC invocations=5 (full 0):
 garbage-first heap   total 55296K, used 41583K [0x0000000081c00000, 0x0000000100000000)
  region size 1024K, 32 young (32768K), 4 survivors (4096K)
 Metaspace       used 27401K, committed 27648K, reserved 1081344K
  class space    used 3087K, committed 3200K, reserved 1048576K
}
Event: 24.289 GC heap after
{Heap after GC invocations=6 (full 0):
 garbage-first heap   total 55296K, used 14322K [0x0000000081c00000, 0x0000000100000000)
  region size 1024K, 4 young (4096K), 4 survivors (4096K)
 Metaspace       used 27401K, committed 27648K, reserved 1081344K
  class space    used 3087K, committed 3200K, reserved 1048576K
}
Event: 34.373 GC heap before
{Heap before GC invocations=6 (full 0):
 garbage-first heap   total 55296K, used 35826K [0x0000000081c00000, 0x0000000100000000)
  region size 1024K, 25 young (25600K), 4 survivors (4096K)
 Metaspace       used 30863K, committed 31168K, reserved 1081344K
  class space    used 3570K, committed 3712K, reserved 1048576K
}
Event: 34.384 GC heap after
{Heap after GC invocations=7 (full 0):
 garbage-first heap   total 55296K, used 16287K [0x0000000081c00000, 0x0000000100000000)
  region size 1024K, 4 young (4096K), 4 survivors (4096K)
 Metaspace       used 30863K, committed 31168K, reserved 1081344K
  class space    used 3570K, committed 3712K, reserved 1048576K
}
Event: 40.882 GC heap before
{Heap before GC invocations=7 (full 0):
 garbage-first heap   total 55296K, used 37791K [0x0000000081c00000, 0x0000000100000000)
  region size 1024K, 25 young (25600K), 4 survivors (4096K)
 Metaspace       used 32454K, committed 32768K, reserved 1081344K
  class space    used 3752K, committed 3904K, reserved 1048576K
}
Event: 40.891 GC heap after
{Heap after GC invocations=8 (full 0):
 garbage-first heap   total 55296K, used 18428K [0x0000000081c00000, 0x0000000100000000)
  region size 1024K, 4 young (4096K), 4 survivors (4096K)
 Metaspace       used 32454K, committed 32768K, reserved 1081344K
  class space    used 3752K, committed 3904K, reserved 1048576K
}
Event: 45.215 GC heap before
{Heap before GC invocations=8 (full 0):
 garbage-first heap   total 55296K, used 38908K [0x0000000081c00000, 0x0000000100000000)
  region size 1024K, 24 young (24576K), 4 survivors (4096K)
 Metaspace       used 33577K, committed 33856K, reserved 1081344K
  class space    used 3903K, committed 4032K, reserved 1048576K
}
Event: 45.222 GC heap after
{Heap after GC invocations=9 (full 0):
 garbage-first heap   total 55296K, used 19164K [0x0000000081c00000, 0x0000000100000000)
  region size 1024K, 2 young (2048K), 2 survivors (2048K)
 Metaspace       used 33577K, committed 33856K, reserved 1081344K
  class space    used 3903K, committed 4032K, reserved 1048576K
}
Event: 50.425 GC heap before
{Heap before GC invocations=9 (full 0):
 garbage-first heap   total 55296K, used 39644K [0x0000000081c00000, 0x0000000100000000)
  region size 1024K, 22 young (22528K), 2 survivors (2048K)
 Metaspace       used 35543K, committed 35840K, reserved 1081344K
  class space    used 4209K, committed 4352K, reserved 1048576K
}
Event: 50.430 GC heap after
{Heap after GC invocations=10 (full 0):
 garbage-first heap   total 55296K, used 20306K [0x0000000081c00000, 0x0000000100000000)
  region size 1024K, 3 young (3072K), 3 survivors (3072K)
 Metaspace       used 35543K, committed 35840K, reserved 1081344K
  class space    used 4209K, committed 4352K, reserved 1048576K
}
Event: 51.031 GC heap before
{Heap before GC invocations=10 (full 0):
 garbage-first heap   total 55296K, used 21330K [0x0000000081c00000, 0x0000000100000000)
  region size 1024K, 5 young (5120K), 3 survivors (3072K)
 Metaspace       used 35875K, committed 36160K, reserved 1081344K
  class space    used 4253K, committed 4416K, reserved 1048576K
}
Event: 51.037 GC heap after
{Heap after GC invocations=11 (full 0):
 garbage-first heap   total 55296K, used 20444K [0x0000000081c00000, 0x0000000100000000)
  region size 1024K, 2 young (2048K), 2 survivors (2048K)
 Metaspace       used 35875K, committed 36160K, reserved 1081344K
  class space    used 4253K, committed 4416K, reserved 1048576K
}
Event: 55.502 GC heap before
{Heap before GC invocations=12 (full 0):
 garbage-first heap   total 55296K, used 40924K [0x0000000081c00000, 0x0000000100000000)
  region size 1024K, 22 young (22528K), 2 survivors (2048K)
 Metaspace       used 38429K, committed 38720K, reserved 1089536K
  class space    used 4727K, committed 4864K, reserved 1048576K
}
Event: 55.507 GC heap after
{Heap after GC invocations=13 (full 0):
 garbage-first heap   total 55296K, used 21509K [0x0000000081c00000, 0x0000000100000000)
  region size 1024K, 3 young (3072K), 3 survivors (3072K)
 Metaspace       used 38429K, committed 38720K, reserved 1089536K
  class space    used 4727K, committed 4864K, reserved 1048576K
}
Event: 58.420 GC heap before
{Heap before GC invocations=13 (full 0):
 garbage-first heap   total 55296K, used 41989K [0x0000000081c00000, 0x0000000100000000)
  region size 1024K, 23 young (23552K), 3 survivors (3072K)
 Metaspace       used 40825K, committed 41216K, reserved 1089536K
  class space    used 5010K, committed 5184K, reserved 1048576K
}
Event: 58.429 GC heap after
{Heap after GC invocations=14 (full 0):
 garbage-first heap   total 55296K, used 22944K [0x0000000081c00000, 0x0000000100000000)
  region size 1024K, 3 young (3072K), 3 survivors (3072K)
 Metaspace       used 40825K, committed 41216K, reserved 1089536K
  class space    used 5010K, committed 5184K, reserved 1048576K
}
Event: 61.991 GC heap before
{Heap before GC invocations=14 (full 0):
 garbage-first heap   total 55296K, used 42400K [0x0000000081c00000, 0x0000000100000000)
  region size 1024K, 22 young (22528K), 3 survivors (3072K)
 Metaspace       used 44586K, committed 44928K, reserved 1089536K
  class space    used 5490K, committed 5632K, reserved 1048576K
}
Event: 61.999 GC heap after
{Heap after GC invocations=15 (full 0):
 garbage-first heap   total 55296K, used 24392K [0x0000000081c00000, 0x0000000100000000)
  region size 1024K, 3 young (3072K), 3 survivors (3072K)
 Metaspace       used 44586K, committed 44928K, reserved 1089536K
  class space    used 5490K, committed 5632K, reserved 1048576K
}
Event: 67.036 GC heap before
{Heap before GC invocations=15 (full 0):
 garbage-first heap   total 55296K, used 42824K [0x0000000081c00000, 0x0000000100000000)
  region size 1024K, 21 young (21504K), 3 survivors (3072K)
 Metaspace       used 45648K, committed 46016K, reserved 1089536K
  class space    used 5666K, committed 5824K, reserved 1048576K
}

